<?xml version="1.0" encoding="UTF-8"?>
<testng-results skipped="0" failed="0" total="1" passed="1">
  <reporter-output>
  </reporter-output>
  <suite name="Default suite" duration-ms="1995" started-at="2018-05-24T06:13:18Z" finished-at="2018-05-24T06:13:20Z">
    <groups>
    </groups>
    <test name="Default test" duration-ms="1995" started-at="2018-05-24T06:13:18Z" finished-at="2018-05-24T06:13:20Z">
      <class name="RestAssuredApiTesting.SampleApiTestUsingTestNG">
        <test-method status="PASS" signature="sampleApiTest2()[pri:0, instance:RestAssuredApiTesting.SampleApiTestUsingTestNG@29774679]" name="sampleApiTest2" duration-ms="1995" started-at="2018-05-24T02:13:18Z" finished-at="2018-05-24T02:13:20Z">
          <reporter-output>
          </reporter-output>
        </test-method> <!-- sampleApiTest2 -->
      </class> <!-- RestAssuredApiTesting.SampleApiTestUsingTestNG -->
    </test> <!-- Default test -->
  </suite> <!-- Default suite -->
</testng-results>
